[0;32m[2026-05-21 15:28:04][0m Running pre-flight checks...
[0;32m[2026-05-21 15:28:04][0m Checking system dependencies...
[0;32m[2026-05-21 15:28:04][0m Validating environment variables...
[0;32m[2026-05-21 15:28:04][0m Checking SSL certificates...
[0;32m[2026-05-21 15:28:04][0m Checking Docker network...
[0;32m[2026-05-21 15:28:19][0m Verifying deployment completeness...
[0;32m[2026-05-21 15:28:19][0m Validating environment variables...
[0;32m[2026-05-21 15:30:23][0m Environment Configuration:
[0;32m[2026-05-21 15:32:19][0m STARTING FULL BUILD & DEPLOY (complete fresh start)
[0;32m[2026-05-21 15:32:19][0m Checking system dependencies...
[0;32m[2026-05-21 15:32:19][0m Validating environment variables...
[0;32m[2026-05-21 15:32:19][0m Checking SSL certificates...
[0;32m[2026-05-21 15:32:19][0m Checking Docker network...
[0;32m[2026-05-21 15:32:19][0m Creating backup...
[0;32m[2026-05-21 15:44:19][0m STARTING FULL BUILD & DEPLOY (complete fresh start)
[0;32m[2026-05-21 15:44:19][0m Checking system dependencies...
[0;32m[2026-05-21 15:44:19][0m Validating environment variables...
[0;32m[2026-05-21 15:44:19][0m Checking SSL certificates...
[0;32m[2026-05-21 15:44:19][0m Checking Docker network...
[0;32m[2026-05-21 15:44:19][0m Creating backup...
[0;32m[2026-05-21 15:52:34][0m Quick redeploy (rebuild + restart)...
[0;32m[2026-05-21 15:52:34][0m Clean rebuild Docker images (--no-cache)...
[0;32m[2026-05-21 15:52:34][0m Checking SSL certificates...
[0;32m[2026-05-21 15:52:34][0m Checking Docker network...
[0;32m[2026-05-21 15:53:46][0m Stopping SOC Center containers...
[0;32m[2026-05-21 15:54:12][0m Starting SOC Center containers...
[0;32m[2026-05-21 15:54:12][0m Checking SSL certificates...
[0;32m[2026-05-21 15:54:12][0m Checking Docker network...
[0;32m[2026-05-21 16:22:32][0m STARTING FULL BUILD & DEPLOY (complete fresh start)
[0;32m[2026-05-21 16:22:32][0m Checking system dependencies...
[0;32m[2026-05-21 16:22:32][0m Validating environment variables...
[0;32m[2026-05-21 16:22:32][0m Checking SSL certificates...
[0;32m[2026-05-21 16:22:32][0m Checking Docker network...
[0;32m[2026-05-21 16:22:32][0m Creating backup...
[0;32m[2026-05-21 17:45:48][0m STARTING FULL BUILD & DEPLOY (complete fresh start)
[0;32m[2026-05-21 17:45:48][0m Checking system dependencies...
[0;32m[2026-05-21 17:45:49][0m Validating environment variables...
[0;32m[2026-05-21 17:45:49][0m Checking SSL certificates...
[0;32m[2026-05-21 17:45:49][0m Checking Docker network...
[0;32m[2026-05-21 17:45:49][0m Creating backup...
[0;32m[2026-05-21 17:58:20][0m STARTING FULL BUILD & DEPLOY (complete fresh start)
[0;32m[2026-05-21 17:58:20][0m Checking system dependencies...
[0;32m[2026-05-21 17:58:20][0m Validating environment variables...
[0;32m[2026-05-21 17:58:20][0m Checking SSL certificates...
[0;32m[2026-05-21 17:58:20][0m Checking Docker network...
[0;32m[2026-05-21 17:58:20][0m Creating backup...
[0;32m[2026-05-21 18:08:23][0m STARTING FULL BUILD & DEPLOY (complete fresh start)
[0;32m[2026-05-21 18:08:23][0m Checking system dependencies...
[0;32m[2026-05-21 18:08:23][0m Validating environment variables...
[0;32m[2026-05-21 18:08:23][0m Checking SSL certificates...
[0;32m[2026-05-21 18:08:23][0m Checking Docker network...
[0;32m[2026-05-21 18:08:23][0m Creating backup...
