
[0;36m═══════════════════════════════════════════════════════════════════════════════[0m

[0;32m[2026-05-22 15:48:06][0m Building Docker images (with cache)...
[0;32m[2026-05-22 15:48:06][0m Checking SSL certificates...
[0;32m[✓][0m SSL certificates found
[0;32m[2026-05-22 15:48:06][0m Checking Docker network...
[0;32m[✓][0m Docker network ready
--progress is a global compose flag, better use `docker compose --progress xx build ...
#1 [internal] load local bake definitions
#1 reading from stdin 1.03kB done
#1 DONE 0.0s

#2 [wazuhweb_nginx internal] load build definition from Dockerfile
#2 transferring dockerfile: 105B done
#2 DONE 0.0s

#3 [wazuhweb_backend internal] load build definition from Dockerfile
#3 transferring dockerfile: 373B done
#3 DONE 0.0s

#4 [wazuhweb_frontend internal] load build definition from Dockerfile
#4 transferring dockerfile: 339B done
#4 DONE 0.0s

#5 [wazuhweb_frontend internal] load metadata for docker.io/library/nginx:alpine
#5 DONE 0.0s

#6 [wazuhweb_nginx internal] load .dockerignore
#6 transferring context: 2B done
#6 DONE 0.0s

#7 [wazuhweb_nginx 1/2] FROM docker.io/library/nginx:alpine
#7 DONE 0.0s

#8 [wazuhweb_nginx internal] load build context
#8 transferring context: 32B done
#8 DONE 0.0s

#9 [wazuhweb_nginx 2/2] COPY nginx.conf /etc/nginx/nginx.conf
#9 CACHED

#10 [wazuhweb_nginx] exporting to image
#10 exporting layers done
#10 writing image sha256:7d2cc1941fea17e63906731f4fc72b6b372f603f2d3e6f874a2f9e40c6cea983 done
#10 naming to docker.io/library/wazuhweb-wazuhweb_nginx done
#10 DONE 0.0s

#11 [wazuhweb_nginx] resolving provenance for metadata file
#11 DONE 0.0s

#12 [wazuhweb_frontend internal] load metadata for docker.io/library/node:20-alpine
#12 ...

#13 [wazuhweb_backend internal] load metadata for docker.io/library/python:3.12-slim
#13 DONE 0.9s

#12 [wazuhweb_frontend internal] load metadata for docker.io/library/node:20-alpine
#12 DONE 0.9s

#14 [wazuhweb_backend internal] load .dockerignore
#14 transferring context: 2B done
#14 DONE 0.0s

#15 [wazuhweb_backend 1/7] FROM docker.io/library/python:3.12-slim@sha256:090ba77e2958f6af52a5341f788b50b032dd4ca28377d2893dcf1ecbdfdfe203
#15 resolve docker.io/library/python:3.12-slim@sha256:090ba77e2958f6af52a5341f788b50b032dd4ca28377d2893dcf1ecbdfdfe203 0.0s done
#15 DONE 0.0s

#16 [wazuhweb_frontend internal] load .dockerignore
#16 transferring context: 2B done
#16 DONE 0.0s

#17 [wazuhweb_backend internal] load build context
#17 transferring context: 2.90kB done
#17 DONE 0.0s

#7 [wazuhweb_frontend stage-1 1/3] FROM docker.io/library/nginx:alpine
#7 DONE 0.0s

#18 [wazuhweb_frontend builder 1/6] FROM docker.io/library/node:20-alpine@sha256:fb4cd12c85ee03686f6af5362a0b0d56d50c58a04632e6c0fb8363f609372293
#18 DONE 0.0s

#19 [wazuhweb_backend 6/7] COPY app/ ./app/
#19 CACHED

#20 [wazuhweb_backend 2/7] WORKDIR /app
#20 CACHED

#21 [wazuhweb_backend 3/7] RUN apt-get update && apt-get install -y --no-install-recommends curl && rm -rf /var/lib/apt/lists/*
#21 CACHED

#22 [wazuhweb_backend 5/7] RUN pip install --no-cache-dir -r requirements.txt
#22 CACHED

#23 [wazuhweb_backend 4/7] COPY requirements.txt .
#23 CACHED

#24 [wazuhweb_backend 7/7] RUN mkdir -p /app/data
#24 CACHED

#25 [wazuhweb_backend] exporting to image
#25 exporting layers done
#25 writing image sha256:c83e67d3e5c7c20fa3f84007b3b6d5382e888424bfa30faff919b02b3a73663e 0.0s done
#25 naming to docker.io/library/wazuhweb-wazuhweb_backend done
#25 DONE 0.0s

#26 [wazuhweb_backend] resolving provenance for metadata file
#26 DONE 0.0s

#27 [wazuhweb_frontend internal] load build context
#27 transferring context: 6.16MB 2.2s done
#27 DONE 2.3s

#28 [wazuhweb_frontend builder 2/6] WORKDIR /app
#28 CACHED

#29 [wazuhweb_frontend builder 3/6] COPY package.json package-lock.json ./
#29 CACHED

#30 [wazuhweb_frontend builder 4/6] RUN npm ci --prefer-offline --legacy-peer-deps
#30 CACHED

#31 [wazuhweb_frontend builder 5/6] COPY . .
#31 DONE 14.4s

#32 [wazuhweb_frontend builder 6/6] RUN npm run build
#32 0.363 
#32 0.363 > frontend@0.0.0 build
#32 0.363 > vite build
#32 0.363 
#32 0.589 vite v5.4.21 building for production...
#32 0.650 transforming...
#32 1.097 [plugin:vite:esbuild] [plugin vite:esbuild] src/components/dashboard/DashboardPage.jsx: Duplicate key "fontSize" in object literal
#32 1.097 238|              <div className="flex items-center justify-between mb-1">
#32 1.097 239|                <Typography sx={{ fontSize: 11, color: 'text.secondary', overflow: 'hidden', textOverflow: 'ellipsis', whiteSpace: 'nowrap', maxWidth: '78%',
#32 1.097 240|                  fontFamily: mono ? '"IBM Plex Mono",monospace' : 'inherit', fontSize: mono ? 10.5 : 11 }}>
#32 1.097    |                                                                              ^
#32 1.097 241|                  {item.name || 'Unknown'}
#32 1.097 242|                </Typography>
#32 1.097 
#32 7.093 ✓ 2705 modules transformed.
#32 7.944 rendering chunks...
#32 7.975 computing gzip size...
#32 8.018 dist/index.html                                                         0.51 kB │ gzip:   0.33 kB
#32 8.018 dist/assets/ibm-plex-sans-thai-latin-ext-700-normal-CIKhqm8k.woff       4.83 kB
#32 8.018 dist/assets/ibm-plex-sans-thai-latin-ext-400-normal-n-X-g5Z4.woff       4.84 kB
#32 8.018 dist/assets/ibm-plex-sans-thai-latin-ext-500-normal-DcylQI4B.woff       4.86 kB
#32 8.018 dist/assets/ibm-plex-sans-thai-latin-ext-300-normal-tk57WjLp.woff       4.87 kB
#32 8.018 dist/assets/ibm-plex-sans-thai-latin-ext-600-normal-iH120vlL.woff       4.88 kB
#32 8.018 dist/assets/ibm-plex-mono-vietnamese-500-normal-C8zxqsMH.woff           5.62 kB
#32 8.018 dist/assets/ibm-plex-mono-vietnamese-400-normal-DDuiU_S-.woff           5.62 kB
#32 8.019 dist/assets/ibm-plex-mono-vietnamese-600-normal-iLQfcSjf.woff           5.71 kB
#32 8.019 dist/assets/ibm-plex-mono-cyrillic-ext-500-normal-BIfNGwUT.woff         5.77 kB
#32 8.019 dist/assets/ibm-plex-mono-cyrillic-ext-600-normal-9HEixskS.woff         5.79 kB
#32 8.019 dist/assets/ibm-plex-mono-cyrillic-ext-400-normal-DMdlQ8Kv.woff         5.82 kB
#32 8.019 dist/assets/ibm-plex-mono-vietnamese-400-normal-BulugwFq.woff2          5.87 kB
#32 8.019 dist/assets/ibm-plex-mono-vietnamese-500-normal-DZ4AoWbu.woff2          6.04 kB
#32 8.019 dist/assets/ibm-plex-sans-thai-latin-ext-500-normal-n470B0cW.woff2      6.25 kB
#32 8.019 dist/assets/ibm-plex-sans-thai-latin-ext-600-normal-BXI6PlF4.woff2      6.28 kB
#32 8.019 dist/assets/ibm-plex-sans-thai-latin-ext-700-normal-BKYUUsrV.woff2      6.28 kB
#32 8.019 dist/assets/ibm-plex-sans-thai-latin-ext-400-normal-DBkYO1u-.woff2      6.36 kB
#32 8.019 dist/assets/ibm-plex-sans-vietnamese-400-normal-fK1oJ5dG.woff           6.39 kB
#32 8.019 dist/assets/ibm-plex-sans-vietnamese-700-normal-BV5B8Are.woff           6.42 kB
#32 8.019 dist/assets/ibm-plex-sans-vietnamese-300-normal-CkYRZD2a.woff           6.44 kB
#32 8.019 dist/assets/ibm-plex-sans-vietnamese-600-normal-DgdngZtN.woff           6.58 kB
#32 8.019 dist/assets/ibm-plex-sans-vietnamese-500-normal-BEb3_waV.woff           6.59 kB
#32 8.019 dist/assets/ibm-plex-sans-thai-latin-ext-300-normal-dWO0W4wt.woff2      6.61 kB
#32 8.019 dist/assets/ibm-plex-mono-cyrillic-ext-400-normal-xuaO2J-f.woff2        6.91 kB
#32 8.019 dist/assets/ibm-plex-mono-vietnamese-600-normal-D2EvbN8M.woff2          6.93 kB
#32 8.019 dist/assets/ibm-plex-mono-cyrillic-ext-500-normal-BqneJy0T.woff2        6.97 kB
#32 8.019 dist/assets/ibm-plex-mono-cyrillic-400-normal-CEL4l2ZJ.woff             7.20 kB
#32 8.019 dist/assets/ibm-plex-mono-cyrillic-500-normal-Ael50iVv.woff             7.21 kB
#32 8.019 dist/assets/ibm-plex-mono-cyrillic-600-normal-fLZuRloM.woff             7.27 kB
#32 8.019 dist/assets/ibm-plex-mono-cyrillic-ext-600-normal-V-xxqcpd.woff2        7.69 kB
#32 8.019 dist/assets/ibm-plex-sans-vietnamese-400-normal-DG4YqDda.woff2          8.20 kB
#32 8.019 dist/assets/ibm-plex-sans-vietnamese-700-normal-CkEo6LDy.woff2          8.22 kB
#32 8.019 dist/assets/ibm-plex-sans-vietnamese-300-normal-SDfX6ktj.woff2          8.23 kB
#32 8.019 dist/assets/ibm-plex-mono-cyrillic-400-normal-BSMlKf0J.woff2            8.36 kB
#32 8.019 dist/assets/ibm-plex-sans-vietnamese-500-normal-e4dixQRQ.woff2          8.42 kB
#32 8.019 dist/assets/ibm-plex-sans-vietnamese-600-normal-DpPYBSTl.woff2          8.46 kB
#32 8.019 dist/assets/ibm-plex-mono-cyrillic-500-normal-Bq9vWWag.woff2            8.46 kB
#32 8.019 dist/assets/ibm-plex-sans-greek-700-normal-CkZN0sRy.woff                8.74 kB
#32 8.019 dist/assets/ibm-plex-sans-greek-400-normal-D9ESIMu3.woff                8.76 kB
#32 8.019 dist/assets/ibm-plex-sans-greek-500-normal-CuWXN6rf.woff                9.15 kB
#32 8.019 dist/assets/ibm-plex-sans-greek-300-normal-STc8XiDr.woff                9.17 kB
#32 8.019 dist/assets/ibm-plex-sans-greek-600-normal-D-CqTdkO.woff                9.22 kB
#32 8.019 dist/assets/ibm-plex-mono-cyrillic-600-normal-CTOM6hUh.woff2            9.35 kB
#32 8.019 dist/assets/ibm-plex-sans-greek-700-normal-wyJ6jzdA.woff2               9.93 kB
#32 8.019 dist/assets/ibm-plex-sans-greek-400-normal-_efipK4i.woff2               9.94 kB
#32 8.019 dist/assets/ibm-plex-sans-cyrillic-ext-700-normal-DCQwxkRk.woff        10.16 kB
#32 8.019 dist/assets/ibm-plex-sans-cyrillic-ext-400-normal-Dsrv2Tcn.woff        10.29 kB
#32 8.019 dist/assets/ibm-plex-sans-thai-thai-500-normal-BoHUoq0p.woff           10.35 kB
#32 8.019 dist/assets/ibm-plex-sans-greek-600-normal-DzTrcv_p.woff2              10.37 kB
#32 8.019 dist/assets/ibm-plex-sans-greek-500-normal-JMMifIXV.woff2              10.38 kB
#32 8.019 dist/assets/ibm-plex-sans-greek-300-normal-J-CBqZoJ.woff2              10.42 kB
#32 8.019 dist/assets/ibm-plex-sans-thai-thai-400-normal-DKc8V4lk.woff           10.42 kB
#32 8.019 dist/assets/ibm-plex-sans-thai-thai-300-normal-DsjkY-kq.woff           10.43 kB
#32 8.019 dist/assets/ibm-plex-sans-thai-thai-600-normal-BOwfviun.woff           10.48 kB
#32 8.019 dist/assets/ibm-plex-sans-cyrillic-ext-300-normal-Bbd5v1xK.woff        10.50 kB
#32 8.019 dist/assets/ibm-plex-sans-thai-thai-700-normal-Bo0ALcDh.woff           10.51 kB
#32 8.019 dist/assets/ibm-plex-sans-cyrillic-ext-500-normal-DB5PtV2g.woff        10.59 kB
#32 8.019 dist/assets/ibm-plex-sans-cyrillic-ext-600-normal-Bz0x94Yp.woff        10.62 kB
#32 8.019 dist/assets/ibm-plex-sans-thai-thai-500-normal-BrMc1XKn.woff2          11.72 kB
#32 8.019 dist/assets/ibm-plex-mono-latin-ext-400-normal-D3D2R8hC.woff           11.77 kB
#32 8.019 dist/assets/ibm-plex-mono-latin-ext-500-normal-CZ70TYgx.woff           11.77 kB
#32 8.019 dist/assets/ibm-plex-sans-thai-thai-400-normal-Bt1rR4gi.woff2          11.80 kB
#32 8.019 dist/assets/ibm-plex-sans-thai-thai-600-normal-DvfsyWAn.woff2          11.80 kB
#32 8.020 dist/assets/ibm-plex-mono-latin-ext-600-normal-DmB0ttJJ.woff           11.83 kB
#32 8.020 dist/assets/ibm-plex-sans-thai-thai-700-normal-0moayseG.woff2          11.94 kB
#32 8.020 dist/assets/ibm-plex-sans-thai-thai-300-normal-Bzg9IkD6.woff2          12.02 kB
#32 8.020 dist/assets/ibm-plex-sans-cyrillic-ext-700-normal-BmRLXWpJ.woff2       12.06 kB
#32 8.020 dist/assets/ibm-plex-sans-cyrillic-ext-400-normal-g30qAdWV.woff2       12.15 kB
#32 8.020 dist/assets/ibm-plex-sans-cyrillic-ext-600-normal-DUMzJB7m.woff2       12.30 kB
#32 8.020 dist/assets/ibm-plex-sans-cyrillic-ext-300-normal-DqmgDkIN.woff2       12.31 kB
#32 8.020 dist/assets/ibm-plex-sans-cyrillic-ext-500-normal-Cs5J6C77.woff2       12.31 kB
#32 8.020 dist/assets/ibm-plex-mono-latin-400-normal-CvHOgSBP.woff               13.14 kB
#32 8.020 dist/assets/ibm-plex-mono-latin-500-normal-CB9ihrfo.woff               13.16 kB
#32 8.020 dist/assets/ibm-plex-mono-latin-600-normal-DWFSQ4vo.woff               13.21 kB
#32 8.020 dist/assets/ibm-plex-sans-cyrillic-700-normal-RFb1v-CK.woff            13.33 kB
#32 8.020 dist/assets/ibm-plex-mono-latin-ext-400-normal-BmRBH3aV.woff2          13.35 kB
#32 8.020 dist/assets/ibm-plex-mono-latin-ext-500-normal-CAhNIIs5.woff2          13.43 kB
#32 8.020 dist/assets/ibm-plex-sans-cyrillic-400-normal-BTotfTJu.woff            13.51 kB
#32 8.020 dist/assets/ibm-plex-sans-cyrillic-300-normal-LoaTnByX.woff            13.80 kB
#32 8.020 dist/assets/ibm-plex-sans-cyrillic-500-normal-ByOcLdNv.woff            13.86 kB
#32 8.020 dist/assets/ibm-plex-sans-cyrillic-600-normal-BGq0mW3O.woff            13.89 kB
#32 8.020 dist/assets/ibm-plex-mono-latin-ext-600-normal-D38SheWl.woff2          14.33 kB
#32 8.020 dist/assets/ibm-plex-sans-latin-ext-400-normal-RBey6euL.woff           14.36 kB
#32 8.020 dist/assets/ibm-plex-sans-latin-ext-700-normal-DZH6Xh-4.woff           14.42 kB
#32 8.020 dist/assets/ibm-plex-sans-cyrillic-700-normal-D_uavGvn.woff2           14.57 kB
#32 8.020 dist/assets/ibm-plex-mono-latin-400-normal-DMJ8VG8y.woff2              14.71 kB
#32 8.020 dist/assets/ibm-plex-sans-latin-ext-500-normal-D0aIdm-b.woff           14.74 kB
#32 8.020 dist/assets/ibm-plex-sans-latin-ext-600-normal-DIrixKbi.woff           14.77 kB
#32 8.020 dist/assets/ibm-plex-sans-cyrillic-400-normal-DZqxrq2p.woff2           14.80 kB
#32 8.020 dist/assets/ibm-plex-mono-latin-500-normal-DSY6xOcd.woff2              14.89 kB
#32 8.020 dist/assets/ibm-plex-sans-latin-ext-300-normal-B8Zgwjh3.woff           14.90 kB
#32 8.020 dist/assets/ibm-plex-sans-cyrillic-300-normal-RhT0Ayi3.woff2           14.96 kB
#32 8.020 dist/assets/ibm-plex-sans-cyrillic-500-normal-CocWQlwt.woff2           15.00 kB
#32 8.020 dist/assets/ibm-plex-sans-cyrillic-600-normal-71GNu3SW.woff2           15.04 kB
#32 8.020 dist/assets/ibm-plex-mono-latin-600-normal-BgSNZQsw.woff2              15.62 kB
#32 8.020 dist/assets/ibm-plex-sans-latin-ext-400-normal-C5H60-Va.woff2          15.98 kB
#32 8.020 dist/assets/ibm-plex-sans-latin-ext-700-normal-aMgXseD4.woff2          16.19 kB
#32 8.020 dist/assets/ibm-plex-sans-thai-latin-400-normal-YXrLwNa7.woff          16.23 kB
#32 8.020 dist/assets/ibm-plex-sans-latin-ext-600-normal-DOrvGEcy.woff2          16.45 kB
#32 8.020 dist/assets/ibm-plex-sans-thai-latin-700-normal-SmVfMUPf.woff          16.45 kB
#32 8.020 dist/assets/ibm-plex-sans-latin-ext-500-normal-DakdToA3.woff2          16.46 kB
#32 8.020 dist/assets/ibm-plex-sans-latin-ext-300-normal-BLFuR0P1.woff2          16.54 kB
#32 8.020 dist/assets/ibm-plex-sans-thai-latin-500-normal-h5t7erDE.woff          17.34 kB
#32 8.020 dist/assets/ibm-plex-sans-thai-latin-300-normal-Bcdr0fiW.woff          17.51 kB
#32 8.020 dist/assets/ibm-plex-sans-thai-latin-600-normal-P_JjY83V.woff          17.56 kB
#32 8.020 dist/assets/ibm-plex-sans-thai-latin-400-normal-CwmoKdEh.woff2         17.74 kB
#32 8.020 dist/assets/ibm-plex-sans-thai-latin-700-normal-Ct-BCS9V.woff2         18.02 kB
#32 8.020 dist/assets/ibm-plex-sans-thai-latin-500-normal-DQcnnbdd.woff2         18.52 kB
#32 8.020 dist/assets/ibm-plex-sans-thai-latin-600-normal-BR-dhaTH.woff2         18.99 kB
#32 8.020 dist/assets/ibm-plex-sans-thai-latin-300-normal-DuvW4Kwi.woff2         19.02 kB
#32 8.020 dist/assets/ibm-plex-sans-latin-400-normal-CYLoc0-x.woff               22.10 kB
#32 8.020 dist/assets/ibm-plex-sans-latin-700-normal-Bth3BMcD.woff               22.28 kB
#32 8.020 dist/assets/ibm-plex-sans-latin-400-normal-CDDApCn2.woff2              22.59 kB
#32 8.020 dist/assets/ibm-plex-sans-latin-700-normal-Bxkt5Cjx.woff2              22.83 kB
#32 8.020 dist/assets/ibm-plex-sans-latin-600-normal-Cu4Hd6ag.woff               23.88 kB
#32 8.020 dist/assets/ibm-plex-sans-latin-500-normal-BgVn5rGT.woff               23.92 kB
#32 8.020 dist/assets/ibm-plex-sans-latin-300-normal-C9Of02-5.woff               23.94 kB
#32 8.020 dist/assets/ibm-plex-sans-latin-500-normal-6ng42L7E.woff2              24.18 kB
#32 8.020 dist/assets/ibm-plex-sans-latin-600-normal-CuJfVYMP.woff2              24.25 kB
#32 8.020 dist/assets/ibm-plex-sans-latin-300-normal-b4i7YzLG.woff2              24.29 kB
#32 8.020 dist/assets/index-VCbc6B1o.css                                         56.80 kB │ gzip:  16.96 kB
#32 8.020 dist/assets/index-C9ti-Xnr.js                                       1,374.75 kB │ gzip: 413.92 kB
#32 8.020 
#32 8.020 (!) Some chunks are larger than 500 kB after minification. Consider:
#32 8.020 - Using dynamic import() to code-split the application
#32 8.020 - Use build.rollupOptions.output.manualChunks to improve chunking: https://rollupjs.org/configuration-options/#output-manualchunks
#32 8.020 - Adjust chunk size limit for this warning via build.chunkSizeWarningLimit.
#32 8.021 ✓ built in 7.40s
#32 DONE 8.2s

#7 [wazuhweb_frontend stage-1 1/3] FROM docker.io/library/nginx:alpine
#7 CACHED

#33 [wazuhweb_frontend stage-1 2/3] COPY --from=builder /app/dist /usr/share/nginx/html/wazuh
#33 DONE 0.1s

#34 [wazuhweb_frontend stage-1 3/3] COPY nginx-frontend.conf /etc/nginx/conf.d/default.conf
#34 DONE 0.0s

#35 [wazuhweb_frontend] exporting to image
#35 exporting layers 0.0s done
#35 writing image sha256:237cc676b72c1f857a223062ab73dc61ee458ee336eead6cb4a4bec770315f8f done
#35 naming to docker.io/library/wazuhweb-wazuhweb_frontend done
#35 DONE 0.1s

#36 [wazuhweb_frontend] resolving provenance for metadata file
#36 DONE 0.0s
 wazuhweb_nginx  Built
 wazuhweb_backend  Built
 wazuhweb_frontend  Built
[0;32m[✓][0m Build completed in 28s

[0;36m═══════════════════════════════════════════════════════════════════════════════[0m

