
[0;36m═══════════════════════════════════════════════════════════════════════════════[0m

[0;32m[2026-05-22 15:53:42][0m STARTING FULL BUILD & DEPLOY (complete fresh start)

[0;36m═══════════════════════════════════════════════════════════════════════════════[0m

[0;34m[ℹ][0m Phase 1: Pre-flight checks
[0;32m[2026-05-22 15:53:42][0m Checking system dependencies...
[0;34m[ℹ][0m ✓ Docker 28.3.2
[0;34m[ℹ][0m ✓ Docker Compose available
[0;34m[ℹ][0m ✓ curl available
[0;34m[ℹ][0m ✓ Python3 available
[0;32m[✓][0m All dependencies are available
[0;32m[2026-05-22 15:53:42][0m Validating environment variables...
[0;32m[✓][0m Environment variables validated
[0;32m[2026-05-22 15:53:42][0m Checking SSL certificates...
[0;32m[✓][0m SSL certificates found
[0;32m[2026-05-22 15:53:42][0m Checking Docker network...
[0;32m[✓][0m Docker network ready
[0;32m[✓][0m Pre-flight checks completed

[0;34m[ℹ][0m Phase 2: Creating backup
[0;32m[2026-05-22 15:53:42][0m Creating backup...
[0;32m[✓][0m Backup created: /opt/code/wazuh_ova/backups/backup_20260522_155342.tar.gz
[0;32m[✓][0m Backup completed

[0;34m[ℹ][0m Phase 3: Stopping existing containers
[0;32m[✓][0m Containers stopped

[0;34m[ℹ][0m Phase 4: Clean rebuild (no cache)
[1;33m[⚠][0m This may take several minutes...
--progress is a global compose flag, better use `docker compose --progress xx build ...
#1 [internal] load local bake definitions
#1 reading from stdin 1.10kB done
#1 DONE 0.0s

#2 [wazuhweb_nginx internal] load build definition from Dockerfile
#2 DONE 0.0s

#3 [wazuhweb_frontend internal] load build definition from Dockerfile
#3 DONE 0.0s

#4 [wazuhweb_backend internal] load build definition from Dockerfile
#4 transferring dockerfile: 373B done
#4 DONE 0.0s

#2 [wazuhweb_nginx internal] load build definition from Dockerfile
#2 transferring dockerfile: 105B done
#2 DONE 0.0s

#3 [wazuhweb_frontend internal] load build definition from Dockerfile
#3 transferring dockerfile: 339B done
#3 DONE 0.0s

#5 [wazuhweb_frontend internal] load metadata for docker.io/library/nginx:alpine
#5 DONE 0.0s

#6 [wazuhweb_nginx internal] load .dockerignore
#6 transferring context:
#6 transferring context: 2B done
#6 DONE 0.1s

#7 [wazuhweb_nginx 1/2] FROM docker.io/library/nginx:alpine
#7 CACHED

#8 [wazuhweb_nginx internal] load build context
#8 transferring context: 32B done
#8 DONE 0.0s

#9 [wazuhweb_nginx 2/2] COPY nginx.conf /etc/nginx/nginx.conf
#9 DONE 0.4s

#10 [wazuhweb_frontend internal] load metadata for docker.io/library/node:20-alpine
#10 ...

#11 [wazuhweb_nginx] exporting to image
#11 exporting layers 0.0s done
#11 writing image sha256:fe1121773f06afaf248c18811444e87b9bcb7aefd535742af27a11bb0f3580ce 0.0s done
#11 naming to docker.io/library/wazuhweb-wazuhweb_nginx done
#11 DONE 0.1s

#12 [wazuhweb_nginx] resolving provenance for metadata file
#12 DONE 0.0s

#13 [wazuhweb_backend internal] load metadata for docker.io/library/python:3.12-slim
#13 ...

#10 [wazuhweb_frontend internal] load metadata for docker.io/library/node:20-alpine
#10 DONE 0.9s

#14 [wazuhweb_frontend internal] load .dockerignore
#14 transferring context: 2B done
#14 DONE 0.0s

#15 [wazuhweb_frontend builder 1/6] FROM docker.io/library/node:20-alpine@sha256:fb4cd12c85ee03686f6af5362a0b0d56d50c58a04632e6c0fb8363f609372293
#15 DONE 0.0s

#16 [wazuhweb_frontend builder 2/6] WORKDIR /app
#16 CACHED

#7 [wazuhweb_frontend stage-1 1/3] FROM docker.io/library/nginx:alpine
#7 CACHED

#17 [wazuhweb_frontend internal] load build context
#17 ...

#13 [wazuhweb_backend internal] load metadata for docker.io/library/python:3.12-slim
#13 DONE 1.8s

#18 [wazuhweb_backend internal] load .dockerignore
#18 transferring context: 2B done
#18 DONE 0.0s

#19 [wazuhweb_backend 1/7] FROM docker.io/library/python:3.12-slim@sha256:090ba77e2958f6af52a5341f788b50b032dd4ca28377d2893dcf1ecbdfdfe203
#19 resolve docker.io/library/python:3.12-slim@sha256:090ba77e2958f6af52a5341f788b50b032dd4ca28377d2893dcf1ecbdfdfe203 done
#19 DONE 0.0s

#20 [wazuhweb_backend 2/7] WORKDIR /app
#20 CACHED

#21 [wazuhweb_backend internal] load build context
#21 transferring context: 2.90kB done
#21 DONE 0.0s

#17 [wazuhweb_frontend internal] load build context
#17 transferring context: 6.08MB 2.3s done
#17 DONE 2.4s

#22 [wazuhweb_backend 3/7] RUN apt-get update && apt-get install -y --no-install-recommends curl && rm -rf /var/lib/apt/lists/*
#22 0.307 Hit:1 http://deb.debian.org/debian trixie InRelease
#22 0.314 Get:2 http://deb.debian.org/debian trixie-updates InRelease [47.3 kB]
#22 0.356 Get:3 http://deb.debian.org/debian-security trixie-security InRelease [43.4 kB]
#22 0.385 Get:4 http://deb.debian.org/debian trixie/main amd64 Packages [9671 kB]
#22 1.087 Get:5 http://deb.debian.org/debian trixie-updates/main amd64 Packages [5412 B]
#22 1.110 Get:6 http://deb.debian.org/debian-security trixie-security/main amd64 Packages [166 kB]
#22 ...

#23 [wazuhweb_frontend builder 3/6] COPY package.json package-lock.json ./
#23 DONE 0.6s

#24 [wazuhweb_frontend builder 4/6] RUN npm ci --prefer-offline --legacy-peer-deps
#24 ...

#22 [wazuhweb_backend 3/7] RUN apt-get update && apt-get install -y --no-install-recommends curl && rm -rf /var/lib/apt/lists/*
#22 2.435 Fetched 9933 kB in 2s (4544 kB/s)
#22 2.435 Reading package lists...
#22 3.262 Reading package lists...
#22 4.000 Building dependency tree...
#22 4.207 Reading state information...
#22 4.525 The following additional packages will be installed:
#22 4.526   libbrotli1 libcom-err2 libcurl4t64 libgnutls30t64 libgssapi-krb5-2 libidn2-0
#22 4.526   libk5crypto3 libkeyutils1 libkrb5-3 libkrb5support0 libldap2 libnghttp2-14
#22 4.527   libnghttp3-9 libp11-kit0 libpsl5t64 librtmp1 libsasl2-2 libsasl2-modules-db
#22 4.528   libssh2-1t64 libtasn1-6 libunistring5
#22 4.530 Suggested packages:
#22 4.530   gnutls-bin krb5-doc krb5-user
#22 4.530 Recommended packages:
#22 4.530   bash-completion krb5-locales libldap-common publicsuffix libsasl2-modules
#22 4.750 The following NEW packages will be installed:
#22 4.751   curl libbrotli1 libcom-err2 libcurl4t64 libgnutls30t64 libgssapi-krb5-2
#22 4.751   libidn2-0 libk5crypto3 libkeyutils1 libkrb5-3 libkrb5support0 libldap2
#22 4.752   libnghttp2-14 libnghttp3-9 libp11-kit0 libpsl5t64 librtmp1 libsasl2-2
#22 4.753   libsasl2-modules-db libssh2-1t64 libtasn1-6 libunistring5
#22 4.843 0 upgraded, 22 newly installed, 0 to remove and 0 not upgraded.
#22 4.843 Need to get 4886 kB of archives.
#22 4.843 After this operation, 14.7 MB of additional disk space will be used.
#22 4.843 Get:1 http://deb.debian.org/debian trixie/main amd64 libbrotli1 amd64 1.1.0-2+b7 [307 kB]
#22 4.979 Get:2 http://deb.debian.org/debian trixie/main amd64 libkrb5support0 amd64 1.21.3-5 [33.0 kB]
#22 4.988 Get:3 http://deb.debian.org/debian trixie/main amd64 libcom-err2 amd64 1.47.2-3+b11 [25.0 kB]
#22 4.988 Get:4 http://deb.debian.org/debian trixie/main amd64 libk5crypto3 amd64 1.21.3-5 [81.5 kB]
#22 4.989 Get:5 http://deb.debian.org/debian trixie/main amd64 libkeyutils1 amd64 1.6.3-6 [9456 B]
#22 4.989 Get:6 http://deb.debian.org/debian trixie/main amd64 libkrb5-3 amd64 1.21.3-5 [326 kB]
#22 5.006 Get:7 http://deb.debian.org/debian trixie/main amd64 libgssapi-krb5-2 amd64 1.21.3-5 [138 kB]
#22 5.012 Get:8 http://deb.debian.org/debian trixie/main amd64 libunistring5 amd64 1.3-2 [477 kB]
#22 5.026 Get:9 http://deb.debian.org/debian trixie/main amd64 libidn2-0 amd64 2.3.8-2 [109 kB]
#22 5.029 Get:10 http://deb.debian.org/debian trixie/main amd64 libsasl2-modules-db amd64 2.1.28+dfsg1-9 [19.8 kB]
#22 5.029 Get:11 http://deb.debian.org/debian trixie/main amd64 libsasl2-2 amd64 2.1.28+dfsg1-9 [57.5 kB]
#22 5.030 Get:12 http://deb.debian.org/debian trixie/main amd64 libldap2 amd64 2.6.10+dfsg-1 [194 kB]
#22 5.032 Get:13 http://deb.debian.org/debian-security trixie-security/main amd64 libnghttp2-14 amd64 1.64.0-1.1+deb13u1 [76.2 kB]
#22 5.034 Get:14 http://deb.debian.org/debian trixie/main amd64 libnghttp3-9 amd64 1.8.0-1 [67.7 kB]
#22 5.035 Get:15 http://deb.debian.org/debian trixie/main amd64 libpsl5t64 amd64 0.21.2-1.1+b1 [57.2 kB]
#22 5.045 Get:16 http://deb.debian.org/debian trixie/main amd64 libp11-kit0 amd64 0.25.5-3 [425 kB]
#22 5.058 Get:17 http://deb.debian.org/debian trixie/main amd64 libtasn1-6 amd64 4.20.0-2 [49.9 kB]
#22 5.067 Get:18 http://deb.debian.org/debian-security trixie-security/main amd64 libgnutls30t64 amd64 3.8.9-3+deb13u4 [1469 kB]
#22 5.113 Get:19 http://deb.debian.org/debian trixie/main amd64 librtmp1 amd64 2.4+20151223.gitfa8646d.1-2+b5 [58.8 kB]
#22 5.114 Get:20 http://deb.debian.org/debian trixie/main amd64 libssh2-1t64 amd64 1.11.1-1 [245 kB]
#22 5.116 Get:21 http://deb.debian.org/debian trixie/main amd64 libcurl4t64 amd64 8.14.1-2+deb13u3 [391 kB]
#22 5.118 Get:22 http://deb.debian.org/debian trixie/main amd64 curl amd64 8.14.1-2+deb13u3 [270 kB]
#22 5.385 debconf: unable to initialize frontend: Dialog
#22 5.385 debconf: (TERM is not set, so the dialog frontend is not usable.)
#22 5.385 debconf: falling back to frontend: Readline
#22 5.386 debconf: unable to initialize frontend: Readline
#22 5.386 debconf: (Can't locate Term/ReadLine.pm in @INC (you may need to install the Term::ReadLine module) (@INC entries checked: /etc/perl /usr/local/lib/x86_64-linux-gnu/perl/5.40.1 /usr/local/share/perl/5.40.1 /usr/lib/x86_64-linux-gnu/perl5/5.40 /usr/share/perl5 /usr/lib/x86_64-linux-gnu/perl-base /usr/lib/x86_64-linux-gnu/perl/5.40 /usr/share/perl/5.40 /usr/local/lib/site_perl) at /usr/share/perl5/Debconf/FrontEnd/Readline.pm line 8, <STDIN> line 22.)
#22 5.386 debconf: falling back to frontend: Teletype
#22 5.392 debconf: unable to initialize frontend: Teletype
#22 5.392 debconf: (This frontend requires a controlling tty.)
#22 5.392 debconf: falling back to frontend: Noninteractive
#22 6.266 Fetched 4886 kB in 0s (14.3 MB/s)
#22 6.387 Selecting previously unselected package libbrotli1:amd64.
#22 6.387 (Reading database ... 
(Reading database ... 5%
(Reading database ... 10%
(Reading database ... 15%
(Reading database ... 20%
(Reading database ... 25%
(Reading database ... 30%
(Reading database ... 35%
(Reading database ... 40%
(Reading database ... 45%
(Reading database ... 50%
(Reading database ... 55%
(Reading database ... 60%
(Reading database ... 65%
(Reading database ... 70%
(Reading database ... 75%
(Reading database ... 80%
(Reading database ... 85%
(Reading database ... 90%
(Reading database ... 95%
(Reading database ... 100%
(Reading database ... 5645 files and directories currently installed.)
#22 6.393 Preparing to unpack .../00-libbrotli1_1.1.0-2+b7_amd64.deb ...
#22 6.447 Unpacking libbrotli1:amd64 (1.1.0-2+b7) ...
#22 6.561 Selecting previously unselected package libkrb5support0:amd64.
#22 6.563 Preparing to unpack .../01-libkrb5support0_1.21.3-5_amd64.deb ...
#22 6.567 Unpacking libkrb5support0:amd64 (1.21.3-5) ...
#22 6.610 Selecting previously unselected package libcom-err2:amd64.
#22 6.610 Preparing to unpack .../02-libcom-err2_1.47.2-3+b11_amd64.deb ...
#22 6.614 Unpacking libcom-err2:amd64 (1.47.2-3+b11) ...
#22 6.653 Selecting previously unselected package libk5crypto3:amd64.
#22 6.653 Preparing to unpack .../03-libk5crypto3_1.21.3-5_amd64.deb ...
#22 6.656 Unpacking libk5crypto3:amd64 (1.21.3-5) ...
#22 6.699 Selecting previously unselected package libkeyutils1:amd64.
#22 6.700 Preparing to unpack .../04-libkeyutils1_1.6.3-6_amd64.deb ...
#22 6.705 Unpacking libkeyutils1:amd64 (1.6.3-6) ...
#22 6.746 Selecting previously unselected package libkrb5-3:amd64.
#22 6.746 Preparing to unpack .../05-libkrb5-3_1.21.3-5_amd64.deb ...
#22 6.751 Unpacking libkrb5-3:amd64 (1.21.3-5) ...
#22 6.815 Selecting previously unselected package libgssapi-krb5-2:amd64.
#22 6.815 Preparing to unpack .../06-libgssapi-krb5-2_1.21.3-5_amd64.deb ...
#22 6.819 Unpacking libgssapi-krb5-2:amd64 (1.21.3-5) ...
#22 6.863 Selecting previously unselected package libunistring5:amd64.
#22 6.865 Preparing to unpack .../07-libunistring5_1.3-2_amd64.deb ...
#22 6.868 Unpacking libunistring5:amd64 (1.3-2) ...
#22 6.943 Selecting previously unselected package libidn2-0:amd64.
#22 6.944 Preparing to unpack .../08-libidn2-0_2.3.8-2_amd64.deb ...
#22 6.947 Unpacking libidn2-0:amd64 (2.3.8-2) ...
#22 6.988 Selecting previously unselected package libsasl2-modules-db:amd64.
#22 6.989 Preparing to unpack .../09-libsasl2-modules-db_2.1.28+dfsg1-9_amd64.deb ...
#22 6.992 Unpacking libsasl2-modules-db:amd64 (2.1.28+dfsg1-9) ...
#22 7.023 Selecting previously unselected package libsasl2-2:amd64.
#22 7.024 Preparing to unpack .../10-libsasl2-2_2.1.28+dfsg1-9_amd64.deb ...
#22 7.028 Unpacking libsasl2-2:amd64 (2.1.28+dfsg1-9) ...
#22 7.071 Selecting previously unselected package libldap2:amd64.
#22 7.072 Preparing to unpack .../11-libldap2_2.6.10+dfsg-1_amd64.deb ...
#22 7.076 Unpacking libldap2:amd64 (2.6.10+dfsg-1) ...
#22 7.125 Selecting previously unselected package libnghttp2-14:amd64.
#22 7.125 Preparing to unpack .../12-libnghttp2-14_1.64.0-1.1+deb13u1_amd64.deb ...
#22 7.129 Unpacking libnghttp2-14:amd64 (1.64.0-1.1+deb13u1) ...
#22 7.169 Selecting previously unselected package libnghttp3-9:amd64.
#22 7.170 Preparing to unpack .../13-libnghttp3-9_1.8.0-1_amd64.deb ...
#22 7.174 Unpacking libnghttp3-9:amd64 (1.8.0-1) ...
#22 7.219 Selecting previously unselected package libpsl5t64:amd64.
#22 7.221 Preparing to unpack .../14-libpsl5t64_0.21.2-1.1+b1_amd64.deb ...
#22 7.226 Unpacking libpsl5t64:amd64 (0.21.2-1.1+b1) ...
#22 7.271 Selecting previously unselected package libp11-kit0:amd64.
#22 7.273 Preparing to unpack .../15-libp11-kit0_0.25.5-3_amd64.deb ...
#22 7.277 Unpacking libp11-kit0:amd64 (0.25.5-3) ...
#22 7.353 Selecting previously unselected package libtasn1-6:amd64.
#22 7.354 Preparing to unpack .../16-libtasn1-6_4.20.0-2_amd64.deb ...
#22 7.359 Unpacking libtasn1-6:amd64 (4.20.0-2) ...
#22 7.407 Selecting previously unselected package libgnutls30t64:amd64.
#22 7.409 Preparing to unpack .../17-libgnutls30t64_3.8.9-3+deb13u4_amd64.deb ...
#22 7.412 Unpacking libgnutls30t64:amd64 (3.8.9-3+deb13u4) ...
#22 7.532 Selecting previously unselected package librtmp1:amd64.
#22 7.534 Preparing to unpack .../18-librtmp1_2.4+20151223.gitfa8646d.1-2+b5_amd64.deb ...
#22 7.542 Unpacking librtmp1:amd64 (2.4+20151223.gitfa8646d.1-2+b5) ...
#22 7.598 Selecting previously unselected package libssh2-1t64:amd64.
#22 7.600 Preparing to unpack .../19-libssh2-1t64_1.11.1-1_amd64.deb ...
#22 7.606 Unpacking libssh2-1t64:amd64 (1.11.1-1) ...
#22 7.662 Selecting previously unselected package libcurl4t64:amd64.
#22 7.662 Preparing to unpack .../20-libcurl4t64_8.14.1-2+deb13u3_amd64.deb ...
#22 7.667 Unpacking libcurl4t64:amd64 (8.14.1-2+deb13u3) ...
#22 7.723 Selecting previously unselected package curl.
#22 7.724 Preparing to unpack .../21-curl_8.14.1-2+deb13u3_amd64.deb ...
#22 7.729 Unpacking curl (8.14.1-2+deb13u3) ...
#22 7.791 Setting up libkeyutils1:amd64 (1.6.3-6) ...
#22 7.800 Setting up libbrotli1:amd64 (1.1.0-2+b7) ...
#22 7.808 Setting up libnghttp2-14:amd64 (1.64.0-1.1+deb13u1) ...
#22 7.819 Setting up libcom-err2:amd64 (1.47.2-3+b11) ...
#22 7.836 Setting up libkrb5support0:amd64 (1.21.3-5) ...
#22 7.849 Setting up libsasl2-modules-db:amd64 (2.1.28+dfsg1-9) ...
#22 7.861 Setting up libp11-kit0:amd64 (0.25.5-3) ...
#22 7.870 Setting up libunistring5:amd64 (1.3-2) ...
#22 7.877 Setting up libk5crypto3:amd64 (1.21.3-5) ...
#22 7.886 Setting up libsasl2-2:amd64 (2.1.28+dfsg1-9) ...
#22 7.893 Setting up libnghttp3-9:amd64 (1.8.0-1) ...
#22 7.901 Setting up libtasn1-6:amd64 (4.20.0-2) ...
#22 7.908 Setting up libkrb5-3:amd64 (1.21.3-5) ...
#22 7.915 Setting up libssh2-1t64:amd64 (1.11.1-1) ...
#22 7.922 Setting up libldap2:amd64 (2.6.10+dfsg-1) ...
#22 7.929 Setting up libidn2-0:amd64 (2.3.8-2) ...
#22 7.936 Setting up libgssapi-krb5-2:amd64 (1.21.3-5) ...
#22 7.945 Setting up libgnutls30t64:amd64 (3.8.9-3+deb13u4) ...
#22 7.952 Setting up libpsl5t64:amd64 (0.21.2-1.1+b1) ...
#22 7.963 Setting up librtmp1:amd64 (2.4+20151223.gitfa8646d.1-2+b5) ...
#22 7.975 Setting up libcurl4t64:amd64 (8.14.1-2+deb13u3) ...
#22 7.985 Setting up curl (8.14.1-2+deb13u3) ...
#22 7.998 Processing triggers for libc-bin (2.41-12+deb13u3) ...
#22 DONE 9.6s

#24 [wazuhweb_frontend builder 4/6] RUN npm ci --prefer-offline --legacy-peer-deps
#24 ...

#25 [wazuhweb_backend 4/7] COPY requirements.txt .
#25 DONE 0.2s

#24 [wazuhweb_frontend builder 4/6] RUN npm ci --prefer-offline --legacy-peer-deps
#24 ...

#26 [wazuhweb_backend 5/7] RUN pip install --no-cache-dir -r requirements.txt
#26 2.318 Collecting fastapi==0.111.0 (from -r requirements.txt (line 1))
#26 2.491   Downloading fastapi-0.111.0-py3-none-any.whl.metadata (25 kB)
#26 2.584 Collecting uvicorn==0.29.0 (from uvicorn[standard]==0.29.0->-r requirements.txt (line 2))
#26 2.638   Downloading uvicorn-0.29.0-py3-none-any.whl.metadata (6.3 kB)
#26 3.059 Collecting sqlalchemy==2.0.30 (from -r requirements.txt (line 3))
#26 3.109   Downloading SQLAlchemy-2.0.30-cp312-cp312-manylinux_2_17_x86_64.manylinux2014_x86_64.whl.metadata (9.6 kB)
#26 3.179 Collecting aiosqlite==0.20.0 (from -r requirements.txt (line 4))
#26 3.234   Downloading aiosqlite-0.20.0-py3-none-any.whl.metadata (4.3 kB)
#26 3.300 Collecting python-jose==3.3.0 (from python-jose[cryptography]==3.3.0->-r requirements.txt (line 5))
#26 3.350   Downloading python_jose-3.3.0-py2.py3-none-any.whl.metadata (5.4 kB)
#26 3.413 Collecting passlib==1.7.4 (from passlib[bcrypt]==1.7.4->-r requirements.txt (line 6))
#26 3.462   Downloading passlib-1.7.4-py2.py3-none-any.whl.metadata (1.7 kB)
#26 3.549 Collecting bcrypt==3.2.2 (from -r requirements.txt (line 7))
#26 3.599   Downloading bcrypt-3.2.2-cp36-abi3-manylinux_2_17_x86_64.manylinux2014_x86_64.manylinux_2_24_x86_64.whl.metadata (8.3 kB)
#26 3.660 Collecting python-multipart==0.0.9 (from -r requirements.txt (line 8))
#26 3.711   Downloading python_multipart-0.0.9-py3-none-any.whl.metadata (2.5 kB)
#26 3.775 Collecting httpx==0.27.0 (from -r requirements.txt (line 9))
#26 3.826   Downloading httpx-0.27.0-py3-none-any.whl.metadata (7.2 kB)
#26 3.946 Collecting websockets==12.0 (from -r requirements.txt (line 10))
#26 4.000   Downloading websockets-12.0-cp312-cp312-manylinux_2_5_x86_64.manylinux1_x86_64.manylinux_2_17_x86_64.manylinux2014_x86_64.whl.metadata (6.6 kB)
#26 4.061 Collecting python-dotenv==1.0.1 (from -r requirements.txt (line 11))
#26 4.118   Downloading python_dotenv-1.0.1-py3-none-any.whl.metadata (23 kB)
#26 4.191 Collecting pydantic-settings==2.2.1 (from -r requirements.txt (line 12))
#26 4.245   Downloading pydantic_settings-2.2.1-py3-none-any.whl.metadata (3.1 kB)
#26 4.308 Collecting opensearch-py==2.6.0 (from -r requirements.txt (line 13))
#26 4.362   Downloading opensearch_py-2.6.0-py2.py3-none-any.whl.metadata (7.0 kB)
#26 4.422 Collecting schedule==1.2.2 (from -r requirements.txt (line 14))
#26 4.476   Downloading schedule-1.2.2-py3-none-any.whl.metadata (3.8 kB)
#26 4.561 Collecting starlette<0.38.0,>=0.37.2 (from fastapi==0.111.0->-r requirements.txt (line 1))
#26 4.611   Downloading starlette-0.37.2-py3-none-any.whl.metadata (5.9 kB)
#26 4.794 Collecting pydantic!=1.8,!=1.8.1,!=2.0.0,!=2.0.1,!=2.1.0,<3.0.0,>=1.7.4 (from fastapi==0.111.0->-r requirements.txt (line 1))
#26 4.843   Downloading pydantic-2.13.4-py3-none-any.whl.metadata (109 kB)
#26 4.979 Collecting typing-extensions>=4.8.0 (from fastapi==0.111.0->-r requirements.txt (line 1))
#26 5.028   Downloading typing_extensions-4.15.0-py3-none-any.whl.metadata (3.3 kB)
#26 5.090 Collecting fastapi-cli>=0.0.2 (from fastapi==0.111.0->-r requirements.txt (line 1))
#26 5.140   Downloading fastapi_cli-0.0.24-py3-none-any.whl.metadata (6.4 kB)
#26 5.210 Collecting jinja2>=2.11.2 (from fastapi==0.111.0->-r requirements.txt (line 1))
#26 5.259   Downloading jinja2-3.1.6-py3-none-any.whl.metadata (2.9 kB)
#26 5.370 Collecting ujson!=4.0.2,!=4.1.0,!=4.2.0,!=4.3.0,!=5.0.0,!=5.1.0,>=4.0.1 (from fastapi==0.111.0->-r requirements.txt (line 1))
#26 5.420   Downloading ujson-5.12.1-cp312-cp312-manylinux_2_24_x86_64.manylinux_2_28_x86_64.whl.metadata (9.6 kB)
#26 5.744 Collecting orjson>=3.2.1 (from fastapi==0.111.0->-r requirements.txt (line 1))
#26 5.794   Downloading orjson-3.11.9-cp312-cp312-manylinux_2_17_x86_64.manylinux2014_x86_64.whl.metadata (41 kB)
#26 5.862 Collecting email_validator>=2.0.0 (from fastapi==0.111.0->-r requirements.txt (line 1))
#26 5.916   Downloading email_validator-2.3.0-py3-none-any.whl.metadata (26 kB)
#26 5.995 Collecting click>=7.0 (from uvicorn==0.29.0->uvicorn[standard]==0.29.0->-r requirements.txt (line 2))
#26 6.048   Downloading click-8.4.1-py3-none-any.whl.metadata (2.6 kB)
#26 6.107 Collecting h11>=0.8 (from uvicorn==0.29.0->uvicorn[standard]==0.29.0->-r requirements.txt (line 2))
#26 6.161   Downloading h11-0.16.0-py3-none-any.whl.metadata (8.3 kB)
#26 ...

#24 [wazuhweb_frontend builder 4/6] RUN npm ci --prefer-offline --legacy-peer-deps
#24 13.88 
#24 13.88 added 458 packages, and audited 459 packages in 14s
#24 13.88 
#24 13.88 153 packages are looking for funding
#24 13.88   run `npm fund` for details
#24 13.89 
#24 13.89 2 moderate severity vulnerabilities
#24 13.89 
#24 13.89 To address all issues (including breaking changes), run:
#24 13.89   npm audit fix --force
#24 13.89 
#24 13.89 Run `npm audit` for details.
#24 13.89 npm notice
#24 13.89 npm notice New major version of npm available! 10.8.2 -> 11.15.0
#24 13.89 npm notice Changelog: https://github.com/npm/cli/releases/tag/v11.15.0
#24 13.89 npm notice To update run: npm install -g npm@11.15.0
#24 13.89 npm notice
#24 DONE 15.7s

#26 [wazuhweb_backend 5/7] RUN pip install --no-cache-dir -r requirements.txt
#26 6.331 Collecting greenlet!=0.4.17 (from sqlalchemy==2.0.30->-r requirements.txt (line 3))
#26 6.386   Downloading greenlet-3.5.1-cp312-cp312-manylinux_2_24_x86_64.manylinux_2_28_x86_64.whl.metadata (3.8 kB)
#26 6.449 Collecting ecdsa!=0.15 (from python-jose==3.3.0->python-jose[cryptography]==3.3.0->-r requirements.txt (line 5))
#26 6.498   Downloading ecdsa-0.19.2-py2.py3-none-any.whl.metadata (29 kB)
#26 6.562 Collecting rsa (from python-jose==3.3.0->python-jose[cryptography]==3.3.0->-r requirements.txt (line 5))
#26 6.611   Downloading rsa-4.9.1-py3-none-any.whl.metadata (5.6 kB)
#26 6.676 Collecting pyasn1 (from python-jose==3.3.0->python-jose[cryptography]==3.3.0->-r requirements.txt (line 5))
#26 6.726   Downloading pyasn1-0.6.3-py3-none-any.whl.metadata (8.4 kB)
#26 6.857 Collecting cffi>=1.1 (from bcrypt==3.2.2->-r requirements.txt (line 7))
#26 6.907   Downloading cffi-2.0.0-cp312-cp312-manylinux2014_x86_64.manylinux_2_17_x86_64.whl.metadata (2.6 kB)
#26 6.975 Collecting anyio (from httpx==0.27.0->-r requirements.txt (line 9))
#26 7.029   Downloading anyio-4.13.0-py3-none-any.whl.metadata (4.5 kB)
#26 7.100 Collecting certifi (from httpx==0.27.0->-r requirements.txt (line 9))
#26 7.154   Downloading certifi-2026.5.20-py3-none-any.whl.metadata (2.5 kB)
#26 7.221 Collecting httpcore==1.* (from httpx==0.27.0->-r requirements.txt (line 9))
#26 7.275   Downloading httpcore-1.0.9-py3-none-any.whl.metadata (21 kB)
#26 7.340 Collecting idna (from httpx==0.27.0->-r requirements.txt (line 9))
#26 7.394   Downloading idna-3.16-py3-none-any.whl.metadata (6.4 kB)
#26 7.463 Collecting sniffio (from httpx==0.27.0->-r requirements.txt (line 9))
#26 7.517   Downloading sniffio-1.3.1-py3-none-any.whl.metadata (3.9 kB)
#26 7.640 Collecting requests<3.0.0,>=2.4.0 (from opensearch-py==2.6.0->-r requirements.txt (line 13))
#26 7.694   Downloading requests-2.34.2-py3-none-any.whl.metadata (4.8 kB)
#26 7.751 Collecting six (from opensearch-py==2.6.0->-r requirements.txt (line 13))
#26 7.801   Downloading six-1.17.0-py2.py3-none-any.whl.metadata (1.7 kB)
#26 7.857 Collecting python-dateutil (from opensearch-py==2.6.0->-r requirements.txt (line 13))
#26 7.906   Downloading python_dateutil-2.9.0.post0-py2.py3-none-any.whl.metadata (8.4 kB)
#26 7.964 Collecting Events (from opensearch-py==2.6.0->-r requirements.txt (line 13))
#26 8.015   Downloading Events-0.5-py3-none-any.whl.metadata (3.9 kB)
#26 8.090 Collecting urllib3!=2.2.0,<3,>=1.26.18 (from opensearch-py==2.6.0->-r requirements.txt (line 13))
#26 8.139   Downloading urllib3-2.7.0-py3-none-any.whl.metadata (6.9 kB)
#26 8.363 Collecting cryptography>=3.4.0 (from python-jose[cryptography]==3.3.0->-r requirements.txt (line 5))
#26 8.418   Downloading cryptography-48.0.0-cp311-abi3-manylinux_2_34_x86_64.whl.metadata (4.3 kB)
#26 8.497 Collecting httptools>=0.5.0 (from uvicorn[standard]==0.29.0->-r requirements.txt (line 2))
#26 8.547   Downloading httptools-0.7.1-cp312-cp312-manylinux1_x86_64.manylinux_2_28_x86_64.manylinux_2_5_x86_64.whl.metadata (3.5 kB)
#26 8.630 Collecting pyyaml>=5.1 (from uvicorn[standard]==0.29.0->-r requirements.txt (line 2))
#26 8.680   Downloading pyyaml-6.0.3-cp312-cp312-manylinux2014_x86_64.manylinux_2_17_x86_64.manylinux_2_28_x86_64.whl.metadata (2.4 kB)
#26 8.767 Collecting uvloop!=0.15.0,!=0.15.1,>=0.14.0 (from uvicorn[standard]==0.29.0->-r requirements.txt (line 2))
#26 8.816   Downloading uvloop-0.22.1-cp312-cp312-manylinux2014_x86_64.manylinux_2_17_x86_64.manylinux_2_28_x86_64.whl.metadata (4.9 kB)
#26 8.958 Collecting watchfiles>=0.13 (from uvicorn[standard]==0.29.0->-r requirements.txt (line 2))
#26 9.008   Downloading watchfiles-1.2.0-cp312-cp312-manylinux_2_17_x86_64.manylinux2014_x86_64.whl.metadata (4.9 kB)
#26 9.070 Collecting pycparser (from cffi>=1.1->bcrypt==3.2.2->-r requirements.txt (line 7))
#26 9.119   Downloading pycparser-3.0-py3-none-any.whl.metadata (8.2 kB)
#26 9.187 Collecting dnspython>=2.0.0 (from email_validator>=2.0.0->fastapi==0.111.0->-r requirements.txt (line 1))
#26 9.241   Downloading dnspython-2.8.0-py3-none-any.whl.metadata (5.7 kB)
#26 9.312 Collecting typer>=0.16.0 (from fastapi-cli>=0.0.2->fastapi==0.111.0->-r requirements.txt (line 1))
#26 9.366   Downloading typer-0.25.1-py3-none-any.whl.metadata (15 kB)
#26 9.434 Collecting rich-toolkit>=0.14.8 (from fastapi-cli>=0.0.2->fastapi==0.111.0->-r requirements.txt (line 1))
#26 9.484   Downloading rich_toolkit-0.19.10-py3-none-any.whl.metadata (1.0 kB)
#26 9.584 Collecting MarkupSafe>=2.0 (from jinja2>=2.11.2->fastapi==0.111.0->-r requirements.txt (line 1))
#26 9.638   Downloading markupsafe-3.0.3-cp312-cp312-manylinux2014_x86_64.manylinux_2_17_x86_64.manylinux_2_28_x86_64.whl.metadata (2.7 kB)
#26 9.699 Collecting annotated-types>=0.6.0 (from pydantic!=1.8,!=1.8.1,!=2.0.0,!=2.0.1,!=2.1.0,<3.0.0,>=1.7.4->fastapi==0.111.0->-r requirements.txt (line 1))
#26 9.753   Downloading annotated_types-0.7.0-py3-none-any.whl.metadata (15 kB)
#26 10.44 Collecting pydantic-core==2.46.4 (from pydantic!=1.8,!=1.8.1,!=2.0.0,!=2.0.1,!=2.1.0,<3.0.0,>=1.7.4->fastapi==0.111.0->-r requirements.txt (line 1))
#26 10.49   Downloading pydantic_core-2.46.4-cp312-cp312-manylinux_2_17_x86_64.manylinux2014_x86_64.whl.metadata (6.6 kB)
#26 10.55 Collecting typing-inspection>=0.4.2 (from pydantic!=1.8,!=1.8.1,!=2.0.0,!=2.0.1,!=2.1.0,<3.0.0,>=1.7.4->fastapi==0.111.0->-r requirements.txt (line 1))
#26 10.60   Downloading typing_inspection-0.4.2-py3-none-any.whl.metadata (2.6 kB)
#26 10.74 Collecting charset_normalizer<4,>=2 (from requests<3.0.0,>=2.4.0->opensearch-py==2.6.0->-r requirements.txt (line 13))
#26 10.79   Downloading charset_normalizer-3.4.7-cp312-cp312-manylinux2014_x86_64.manylinux_2_17_x86_64.manylinux_2_28_x86_64.whl.metadata (40 kB)
#26 10.96 Collecting rich>=13.7.1 (from rich-toolkit>=0.14.8->fastapi-cli>=0.0.2->fastapi==0.111.0->-r requirements.txt (line 1))
#26 11.01   Downloading rich-15.0.0-py3-none-any.whl.metadata (18 kB)
#26 11.08 Collecting shellingham>=1.3.0 (from typer>=0.16.0->fastapi-cli>=0.0.2->fastapi==0.111.0->-r requirements.txt (line 1))
#26 11.13   Downloading shellingham-1.5.4-py2.py3-none-any.whl.metadata (3.5 kB)
#26 11.20 Collecting annotated-doc>=0.0.2 (from typer>=0.16.0->fastapi-cli>=0.0.2->fastapi==0.111.0->-r requirements.txt (line 1))
#26 11.26   Downloading annotated_doc-0.0.4-py3-none-any.whl.metadata (6.6 kB)
#26 11.33 Collecting markdown-it-py>=2.2.0 (from rich>=13.7.1->rich-toolkit>=0.14.8->fastapi-cli>=0.0.2->fastapi==0.111.0->-r requirements.txt (line 1))
#26 11.39   Downloading markdown_it_py-4.2.0-py3-none-any.whl.metadata (7.4 kB)
#26 11.46 Collecting pygments<3.0.0,>=2.13.0 (from rich>=13.7.1->rich-toolkit>=0.14.8->fastapi-cli>=0.0.2->fastapi==0.111.0->-r requirements.txt (line 1))
#26 11.51   Downloading pygments-2.20.0-py3-none-any.whl.metadata (2.5 kB)
#26 11.58 Collecting mdurl~=0.1 (from markdown-it-py>=2.2.0->rich>=13.7.1->rich-toolkit>=0.14.8->fastapi-cli>=0.0.2->fastapi==0.111.0->-r requirements.txt (line 1))
#26 11.63   Downloading mdurl-0.1.2-py3-none-any.whl.metadata (1.6 kB)
#26 11.69 Downloading fastapi-0.111.0-py3-none-any.whl (91 kB)
#26 11.76 Downloading uvicorn-0.29.0-py3-none-any.whl (60 kB)
#26 11.81 Downloading SQLAlchemy-2.0.30-cp312-cp312-manylinux_2_17_x86_64.manylinux2014_x86_64.whl (3.2 MB)
#26 12.02    ━━━━━━━━━━━━━━━━━━━━━━━━━━━━━━━━━━━━━━━━ 3.2/3.2 MB 20.7 MB/s eta 0:00:00
#26 12.07 Downloading aiosqlite-0.20.0-py3-none-any.whl (15 kB)
#26 12.12 Downloading python_jose-3.3.0-py2.py3-none-any.whl (33 kB)
#26 12.17 Downloading passlib-1.7.4-py2.py3-none-any.whl (525 kB)
#26 12.18    ━━━━━━━━━━━━━━━━━━━━━━━━━━━━━━━━━━━━━━━ 525.6/525.6 kB 261.9 MB/s eta 0:00:00
#26 12.23 Downloading bcrypt-3.2.2-cp36-abi3-manylinux_2_17_x86_64.manylinux2014_x86_64.manylinux_2_24_x86_64.whl (62 kB)
#26 12.28 Downloading python_multipart-0.0.9-py3-none-any.whl (22 kB)
#26 12.33 Downloading httpx-0.27.0-py3-none-any.whl (75 kB)
#26 12.38 Downloading websockets-12.0-cp312-cp312-manylinux_2_5_x86_64.manylinux1_x86_64.manylinux_2_17_x86_64.manylinux2014_x86_64.whl (131 kB)
#26 12.44 Downloading python_dotenv-1.0.1-py3-none-any.whl (19 kB)
#26 12.49 Downloading pydantic_settings-2.2.1-py3-none-any.whl (13 kB)
#26 12.55 Downloading opensearch_py-2.6.0-py2.py3-none-any.whl (311 kB)
#26 12.60 Downloading schedule-1.2.2-py3-none-any.whl (12 kB)
#26 12.66 Downloading httpcore-1.0.9-py3-none-any.whl (78 kB)
#26 12.71 Downloading certifi-2026.5.20-py3-none-any.whl (134 kB)
#26 12.76 Downloading cffi-2.0.0-cp312-cp312-manylinux2014_x86_64.manylinux_2_17_x86_64.whl (219 kB)
#26 12.82 Downloading click-8.4.1-py3-none-any.whl (116 kB)
#26 12.87 Downloading cryptography-48.0.0-cp311-abi3-manylinux_2_34_x86_64.whl (4.7 MB)
#26 12.93    ━━━━━━━━━━━━━━━━━━━━━━━━━━━━━━━━━━━━━━━━ 4.7/4.7 MB 73.8 MB/s eta 0:00:00
#26 12.99 Downloading ecdsa-0.19.2-py2.py3-none-any.whl (150 kB)
#26 13.04 Downloading email_validator-2.3.0-py3-none-any.whl (35 kB)
#26 13.09 Downloading fastapi_cli-0.0.24-py3-none-any.whl (12 kB)
#26 13.14 Downloading greenlet-3.5.1-cp312-cp312-manylinux_2_24_x86_64.manylinux_2_28_x86_64.whl (611 kB)
#26 13.14    ━━━━━━━━━━━━━━━━━━━━━━━━━━━━━━━━━━━━━━━ 611.4/611.4 kB 690.4 MB/s eta 0:00:00
#26 13.19 Downloading h11-0.16.0-py3-none-any.whl (37 kB)
#26 13.24 Downloading httptools-0.7.1-cp312-cp312-manylinux1_x86_64.manylinux_2_28_x86_64.manylinux_2_5_x86_64.whl (517 kB)
#26 13.29 Downloading idna-3.16-py3-none-any.whl (74 kB)
#26 13.34 Downloading jinja2-3.1.6-py3-none-any.whl (134 kB)
#26 13.40 Downloading orjson-3.11.9-cp312-cp312-manylinux_2_17_x86_64.manylinux2014_x86_64.whl (134 kB)
#26 13.45 Downloading pydantic-2.13.4-py3-none-any.whl (472 kB)
#26 13.51 Downloading pydantic_core-2.46.4-cp312-cp312-manylinux_2_17_x86_64.manylinux2014_x86_64.whl (2.1 MB)
#26 13.51    ━━━━━━━━━━━━━━━━━━━━━━━━━━━━━━━━━━━━━━━━ 2.1/2.1 MB 369.3 MB/s eta 0:00:00
#26 13.56 Downloading pyyaml-6.0.3-cp312-cp312-manylinux2014_x86_64.manylinux_2_17_x86_64.manylinux_2_28_x86_64.whl (807 kB)
#26 13.57    ━━━━━━━━━━━━━━━━━━━━━━━━━━━━━━━━━━━━━━━ 807.9/807.9 kB 537.2 MB/s eta 0:00:00
#26 13.62 Downloading requests-2.34.2-py3-none-any.whl (73 kB)
#26 13.67 Downloading six-1.17.0-py2.py3-none-any.whl (11 kB)
#26 13.72 Downloading starlette-0.37.2-py3-none-any.whl (71 kB)
#26 13.77 Downloading anyio-4.13.0-py3-none-any.whl (114 kB)
#26 13.82 Downloading typing_extensions-4.15.0-py3-none-any.whl (44 kB)
#26 13.87 Downloading ujson-5.12.1-cp312-cp312-manylinux_2_24_x86_64.manylinux_2_28_x86_64.whl (59 kB)
#26 13.93 Downloading urllib3-2.7.0-py3-none-any.whl (131 kB)
#26 13.98 Downloading uvloop-0.22.1-cp312-cp312-manylinux2014_x86_64.manylinux_2_17_x86_64.manylinux_2_28_x86_64.whl (4.4 MB)
#26 14.04    ━━━━━━━━━━━━━━━━━━━━━━━━━━━━━━━━━━━━━━━━ 4.4/4.4 MB 74.3 MB/s eta 0:00:00
#26 14.09 Downloading watchfiles-1.2.0-cp312-cp312-manylinux_2_17_x86_64.manylinux2014_x86_64.whl (456 kB)
#26 14.14 Downloading Events-0.5-py3-none-any.whl (6.8 kB)
#26 14.20 Downloading pyasn1-0.6.3-py3-none-any.whl (83 kB)
#26 14.25 Downloading python_dateutil-2.9.0.post0-py2.py3-none-any.whl (229 kB)
#26 14.30 Downloading rsa-4.9.1-py3-none-any.whl (34 kB)
#26 14.36 Downloading sniffio-1.3.1-py3-none-any.whl (10 kB)
#26 14.41 Downloading annotated_types-0.7.0-py3-none-any.whl (13 kB)
#26 14.46 Downloading charset_normalizer-3.4.7-cp312-cp312-manylinux2014_x86_64.manylinux_2_17_x86_64.manylinux_2_28_x86_64.whl (216 kB)
#26 14.51 Downloading dnspython-2.8.0-py3-none-any.whl (331 kB)
#26 14.56 Downloading markupsafe-3.0.3-cp312-cp312-manylinux2014_x86_64.manylinux_2_17_x86_64.manylinux_2_28_x86_64.whl (22 kB)
#26 14.61 Downloading rich_toolkit-0.19.10-py3-none-any.whl (33 kB)
#26 14.66 Downloading typer-0.25.1-py3-none-any.whl (58 kB)
#26 14.71 Downloading typing_inspection-0.4.2-py3-none-any.whl (14 kB)
#26 14.76 Downloading pycparser-3.0-py3-none-any.whl (48 kB)
#26 14.81 Downloading annotated_doc-0.0.4-py3-none-any.whl (5.3 kB)
#26 14.86 Downloading rich-15.0.0-py3-none-any.whl (310 kB)
#26 14.91 Downloading shellingham-1.5.4-py2.py3-none-any.whl (9.8 kB)
#26 14.97 Downloading markdown_it_py-4.2.0-py3-none-any.whl (91 kB)
#26 15.02 Downloading pygments-2.20.0-py3-none-any.whl (1.2 MB)
#26 15.02    ━━━━━━━━━━━━━━━━━━━━━━━━━━━━━━━━━━━━━━━━ 1.2/1.2 MB 404.7 MB/s eta 0:00:00
#26 15.07 Downloading mdurl-0.1.2-py3-none-any.whl (10.0 kB)
#26 15.30 Installing collected packages: passlib, Events, websockets, uvloop, urllib3, ujson, typing-extensions, sniffio, six, shellingham, schedule, pyyaml, python-multipart, python-dotenv, pygments, pycparser, pyasn1, orjson, mdurl, MarkupSafe, idna, httptools, h11, greenlet, dnspython, click, charset_normalizer, certifi, annotated-types, annotated-doc, uvicorn, typing-inspection, sqlalchemy, rsa, requests, python-dateutil, pydantic-core, markdown-it-py, jinja2, httpcore, email_validator, ecdsa, cffi, anyio, aiosqlite, watchfiles, starlette, rich, python-jose, pydantic, opensearch-py, httpx, cryptography, bcrypt, typer, rich-toolkit, pydantic-settings, fastapi-cli, fastapi
#26 ...

#27 [wazuhweb_frontend builder 5/6] COPY . .
#27 ...

#26 [wazuhweb_backend 5/7] RUN pip install --no-cache-dir -r requirements.txt
#26 21.56 WARNING: Running pip as the 'root' user can result in broken permissions and conflicting behaviour with the system package manager, possibly rendering your system unusable. It is recommended to use a virtual environment instead: https://pip.pypa.io/warnings/venv. Use the --root-user-action option if you know what you are doing and want to suppress this warning.
#26 21.56 Successfully installed Events-0.5 MarkupSafe-3.0.3 aiosqlite-0.20.0 annotated-doc-0.0.4 annotated-types-0.7.0 anyio-4.13.0 bcrypt-3.2.2 certifi-2026.5.20 cffi-2.0.0 charset_normalizer-3.4.7 click-8.4.1 cryptography-48.0.0 dnspython-2.8.0 ecdsa-0.19.2 email_validator-2.3.0 fastapi-0.111.0 fastapi-cli-0.0.24 greenlet-3.5.1 h11-0.16.0 httpcore-1.0.9 httptools-0.7.1 httpx-0.27.0 idna-3.16 jinja2-3.1.6 markdown-it-py-4.2.0 mdurl-0.1.2 opensearch-py-2.6.0 orjson-3.11.9 passlib-1.7.4 pyasn1-0.6.3 pycparser-3.0 pydantic-2.13.4 pydantic-core-2.46.4 pydantic-settings-2.2.1 pygments-2.20.0 python-dateutil-2.9.0.post0 python-dotenv-1.0.1 python-jose-3.3.0 python-multipart-0.0.9 pyyaml-6.0.3 requests-2.34.2 rich-15.0.0 rich-toolkit-0.19.10 rsa-4.9.1 schedule-1.2.2 shellingham-1.5.4 six-1.17.0 sniffio-1.3.1 sqlalchemy-2.0.30 starlette-0.37.2 typer-0.25.1 typing-extensions-4.15.0 typing-inspection-0.4.2 ujson-5.12.1 urllib3-2.7.0 uvicorn-0.29.0 uvloop-0.22.1 watchfiles-1.2.0 websockets-12.0
#26 21.81 
#26 21.81 [notice] A new release of pip is available: 25.0.1 -> 26.1.1
#26 21.81 [notice] To update, run: pip install --upgrade pip
#26 ...

#27 [wazuhweb_frontend builder 5/6] COPY . .
#27 DONE 17.3s

#26 [wazuhweb_backend 5/7] RUN pip install --no-cache-dir -r requirements.txt
#26 DONE 25.3s

#28 [wazuhweb_backend 6/7] COPY app/ ./app/
#28 DONE 0.2s

#29 [wazuhweb_frontend builder 6/6] RUN npm run build
#29 0.381 
#29 0.381 > frontend@0.0.0 build
#29 0.381 > vite build
#29 0.381 
#29 ...

#30 [wazuhweb_backend 7/7] RUN mkdir -p /app/data
#30 DONE 0.3s

#29 [wazuhweb_frontend builder 6/6] RUN npm run build
#29 0.631 vite v5.4.21 building for production...
#29 0.692 transforming...
#29 1.224 [plugin:vite:esbuild] [plugin vite:esbuild] src/components/dashboard/DashboardPage.jsx: Duplicate key "fontSize" in object literal
#29 1.224 238|              <div className="flex items-center justify-between mb-1">
#29 1.224 239|                <Typography sx={{ fontSize: 11, color: 'text.secondary', overflow: 'hidden', textOverflow: 'ellipsis', whiteSpace: 'nowrap', maxWidth: '78%',
#29 1.224 240|                  fontFamily: mono ? '"IBM Plex Mono",monospace' : 'inherit', fontSize: mono ? 10.5 : 11 }}>
#29 1.224    |                                                                              ^
#29 1.224 241|                  {item.name || 'Unknown'}
#29 1.224 242|                </Typography>
#29 1.224 
#29 ...

#31 [wazuhweb_backend] exporting to image
#31 exporting layers 1.1s done
#31 writing image sha256:504174b18d850cc277a462a8aca276320fb3d9f2a66b5b678198be84b0430617 done
#31 naming to docker.io/library/wazuhweb-wazuhweb_backend done
#31 DONE 1.1s

#32 [wazuhweb_backend] resolving provenance for metadata file
#32 DONE 0.0s

#29 [wazuhweb_frontend builder 6/6] RUN npm run build
#29 7.716 ✓ 2705 modules transformed.
#29 8.614 rendering chunks...
#29 8.641 computing gzip size...
#29 8.684 dist/index.html                                                         0.51 kB │ gzip:   0.33 kB
#29 8.684 dist/assets/ibm-plex-sans-thai-latin-ext-700-normal-CIKhqm8k.woff       4.83 kB
#29 8.684 dist/assets/ibm-plex-sans-thai-latin-ext-400-normal-n-X-g5Z4.woff       4.84 kB
#29 8.684 dist/assets/ibm-plex-sans-thai-latin-ext-500-normal-DcylQI4B.woff       4.86 kB
#29 8.684 dist/assets/ibm-plex-sans-thai-latin-ext-300-normal-tk57WjLp.woff       4.87 kB
#29 8.684 dist/assets/ibm-plex-sans-thai-latin-ext-600-normal-iH120vlL.woff       4.88 kB
#29 8.684 dist/assets/ibm-plex-mono-vietnamese-500-normal-C8zxqsMH.woff           5.62 kB
#29 8.684 dist/assets/ibm-plex-mono-vietnamese-400-normal-DDuiU_S-.woff           5.62 kB
#29 8.684 dist/assets/ibm-plex-mono-vietnamese-600-normal-iLQfcSjf.woff           5.71 kB
#29 8.684 dist/assets/ibm-plex-mono-cyrillic-ext-500-normal-BIfNGwUT.woff         5.77 kB
#29 8.685 dist/assets/ibm-plex-mono-cyrillic-ext-600-normal-9HEixskS.woff         5.79 kB
#29 8.685 dist/assets/ibm-plex-mono-cyrillic-ext-400-normal-DMdlQ8Kv.woff         5.82 kB
#29 8.685 dist/assets/ibm-plex-mono-vietnamese-400-normal-BulugwFq.woff2          5.87 kB
#29 8.685 dist/assets/ibm-plex-mono-vietnamese-500-normal-DZ4AoWbu.woff2          6.04 kB
#29 8.685 dist/assets/ibm-plex-sans-thai-latin-ext-500-normal-n470B0cW.woff2      6.25 kB
#29 8.685 dist/assets/ibm-plex-sans-thai-latin-ext-600-normal-BXI6PlF4.woff2      6.28 kB
#29 8.685 dist/assets/ibm-plex-sans-thai-latin-ext-700-normal-BKYUUsrV.woff2      6.28 kB
#29 8.685 dist/assets/ibm-plex-sans-thai-latin-ext-400-normal-DBkYO1u-.woff2      6.36 kB
#29 8.685 dist/assets/ibm-plex-sans-vietnamese-400-normal-fK1oJ5dG.woff           6.39 kB
#29 8.685 dist/assets/ibm-plex-sans-vietnamese-700-normal-BV5B8Are.woff           6.42 kB
#29 8.685 dist/assets/ibm-plex-sans-vietnamese-300-normal-CkYRZD2a.woff           6.44 kB
#29 8.685 dist/assets/ibm-plex-sans-vietnamese-600-normal-DgdngZtN.woff           6.58 kB
#29 8.685 dist/assets/ibm-plex-sans-vietnamese-500-normal-BEb3_waV.woff           6.59 kB
#29 8.685 dist/assets/ibm-plex-sans-thai-latin-ext-300-normal-dWO0W4wt.woff2      6.61 kB
#29 8.685 dist/assets/ibm-plex-mono-cyrillic-ext-400-normal-xuaO2J-f.woff2        6.91 kB
#29 8.685 dist/assets/ibm-plex-mono-vietnamese-600-normal-D2EvbN8M.woff2          6.93 kB
#29 8.685 dist/assets/ibm-plex-mono-cyrillic-ext-500-normal-BqneJy0T.woff2        6.97 kB
#29 8.685 dist/assets/ibm-plex-mono-cyrillic-400-normal-CEL4l2ZJ.woff             7.20 kB
#29 8.685 dist/assets/ibm-plex-mono-cyrillic-500-normal-Ael50iVv.woff             7.21 kB
#29 8.685 dist/assets/ibm-plex-mono-cyrillic-600-normal-fLZuRloM.woff             7.27 kB
#29 8.685 dist/assets/ibm-plex-mono-cyrillic-ext-600-normal-V-xxqcpd.woff2        7.69 kB
#29 8.685 dist/assets/ibm-plex-sans-vietnamese-400-normal-DG4YqDda.woff2          8.20 kB
#29 8.685 dist/assets/ibm-plex-sans-vietnamese-700-normal-CkEo6LDy.woff2          8.22 kB
#29 8.685 dist/assets/ibm-plex-sans-vietnamese-300-normal-SDfX6ktj.woff2          8.23 kB
#29 8.685 dist/assets/ibm-plex-mono-cyrillic-400-normal-BSMlKf0J.woff2            8.36 kB
#29 8.685 dist/assets/ibm-plex-sans-vietnamese-500-normal-e4dixQRQ.woff2          8.42 kB
#29 8.685 dist/assets/ibm-plex-sans-vietnamese-600-normal-DpPYBSTl.woff2          8.46 kB
#29 8.685 dist/assets/ibm-plex-mono-cyrillic-500-normal-Bq9vWWag.woff2            8.46 kB
#29 8.685 dist/assets/ibm-plex-sans-greek-700-normal-CkZN0sRy.woff                8.74 kB
#29 8.685 dist/assets/ibm-plex-sans-greek-400-normal-D9ESIMu3.woff                8.76 kB
#29 8.685 dist/assets/ibm-plex-sans-greek-500-normal-CuWXN6rf.woff                9.15 kB
#29 8.685 dist/assets/ibm-plex-sans-greek-300-normal-STc8XiDr.woff                9.17 kB
#29 8.685 dist/assets/ibm-plex-sans-greek-600-normal-D-CqTdkO.woff                9.22 kB
#29 8.685 dist/assets/ibm-plex-mono-cyrillic-600-normal-CTOM6hUh.woff2            9.35 kB
#29 8.685 dist/assets/ibm-plex-sans-greek-700-normal-wyJ6jzdA.woff2               9.93 kB
#29 8.685 dist/assets/ibm-plex-sans-greek-400-normal-_efipK4i.woff2               9.94 kB
#29 8.685 dist/assets/ibm-plex-sans-cyrillic-ext-700-normal-DCQwxkRk.woff        10.16 kB
#29 8.685 dist/assets/ibm-plex-sans-cyrillic-ext-400-normal-Dsrv2Tcn.woff        10.29 kB
#29 8.685 dist/assets/ibm-plex-sans-thai-thai-500-normal-BoHUoq0p.woff           10.35 kB
#29 8.685 dist/assets/ibm-plex-sans-greek-600-normal-DzTrcv_p.woff2              10.37 kB
#29 8.685 dist/assets/ibm-plex-sans-greek-500-normal-JMMifIXV.woff2              10.38 kB
#29 8.685 dist/assets/ibm-plex-sans-greek-300-normal-J-CBqZoJ.woff2              10.42 kB
#29 8.685 dist/assets/ibm-plex-sans-thai-thai-400-normal-DKc8V4lk.woff           10.42 kB
#29 8.685 dist/assets/ibm-plex-sans-thai-thai-300-normal-DsjkY-kq.woff           10.43 kB
#29 8.685 dist/assets/ibm-plex-sans-thai-thai-600-normal-BOwfviun.woff           10.48 kB
#29 8.685 dist/assets/ibm-plex-sans-cyrillic-ext-300-normal-Bbd5v1xK.woff        10.50 kB
#29 8.685 dist/assets/ibm-plex-sans-thai-thai-700-normal-Bo0ALcDh.woff           10.51 kB
#29 8.685 dist/assets/ibm-plex-sans-cyrillic-ext-500-normal-DB5PtV2g.woff        10.59 kB
#29 8.685 dist/assets/ibm-plex-sans-cyrillic-ext-600-normal-Bz0x94Yp.woff        10.62 kB
#29 8.685 dist/assets/ibm-plex-sans-thai-thai-500-normal-BrMc1XKn.woff2          11.72 kB
#29 8.685 dist/assets/ibm-plex-mono-latin-ext-400-normal-D3D2R8hC.woff           11.77 kB
#29 8.685 dist/assets/ibm-plex-mono-latin-ext-500-normal-CZ70TYgx.woff           11.77 kB
#29 8.685 dist/assets/ibm-plex-sans-thai-thai-400-normal-Bt1rR4gi.woff2          11.80 kB
#29 8.685 dist/assets/ibm-plex-sans-thai-thai-600-normal-DvfsyWAn.woff2          11.80 kB
#29 8.685 dist/assets/ibm-plex-mono-latin-ext-600-normal-DmB0ttJJ.woff           11.83 kB
#29 8.685 dist/assets/ibm-plex-sans-thai-thai-700-normal-0moayseG.woff2          11.94 kB
#29 8.685 dist/assets/ibm-plex-sans-thai-thai-300-normal-Bzg9IkD6.woff2          12.02 kB
#29 8.685 dist/assets/ibm-plex-sans-cyrillic-ext-700-normal-BmRLXWpJ.woff2       12.06 kB
#29 8.685 dist/assets/ibm-plex-sans-cyrillic-ext-400-normal-g30qAdWV.woff2       12.15 kB
#29 8.685 dist/assets/ibm-plex-sans-cyrillic-ext-600-normal-DUMzJB7m.woff2       12.30 kB
#29 8.685 dist/assets/ibm-plex-sans-cyrillic-ext-300-normal-DqmgDkIN.woff2       12.31 kB
#29 8.685 dist/assets/ibm-plex-sans-cyrillic-ext-500-normal-Cs5J6C77.woff2       12.31 kB
#29 8.685 dist/assets/ibm-plex-mono-latin-400-normal-CvHOgSBP.woff               13.14 kB
#29 8.685 dist/assets/ibm-plex-mono-latin-500-normal-CB9ihrfo.woff               13.16 kB
#29 8.685 dist/assets/ibm-plex-mono-latin-600-normal-DWFSQ4vo.woff               13.21 kB
#29 8.685 dist/assets/ibm-plex-sans-cyrillic-700-normal-RFb1v-CK.woff            13.33 kB
#29 8.685 dist/assets/ibm-plex-mono-latin-ext-400-normal-BmRBH3aV.woff2          13.35 kB
#29 8.685 dist/assets/ibm-plex-mono-latin-ext-500-normal-CAhNIIs5.woff2          13.43 kB
#29 8.685 dist/assets/ibm-plex-sans-cyrillic-400-normal-BTotfTJu.woff            13.51 kB
#29 8.685 dist/assets/ibm-plex-sans-cyrillic-300-normal-LoaTnByX.woff            13.80 kB
#29 8.686 dist/assets/ibm-plex-sans-cyrillic-500-normal-ByOcLdNv.woff            13.86 kB
#29 8.686 dist/assets/ibm-plex-sans-cyrillic-600-normal-BGq0mW3O.woff            13.89 kB
#29 8.686 dist/assets/ibm-plex-mono-latin-ext-600-normal-D38SheWl.woff2          14.33 kB
#29 8.686 dist/assets/ibm-plex-sans-latin-ext-400-normal-RBey6euL.woff           14.36 kB
#29 8.686 dist/assets/ibm-plex-sans-latin-ext-700-normal-DZH6Xh-4.woff           14.42 kB
#29 8.686 dist/assets/ibm-plex-sans-cyrillic-700-normal-D_uavGvn.woff2           14.57 kB
#29 8.686 dist/assets/ibm-plex-mono-latin-400-normal-DMJ8VG8y.woff2              14.71 kB
#29 8.686 dist/assets/ibm-plex-sans-latin-ext-500-normal-D0aIdm-b.woff           14.74 kB
#29 8.686 dist/assets/ibm-plex-sans-latin-ext-600-normal-DIrixKbi.woff           14.77 kB
#29 8.686 dist/assets/ibm-plex-sans-cyrillic-400-normal-DZqxrq2p.woff2           14.80 kB
#29 8.686 dist/assets/ibm-plex-mono-latin-500-normal-DSY6xOcd.woff2              14.89 kB
#29 8.686 dist/assets/ibm-plex-sans-latin-ext-300-normal-B8Zgwjh3.woff           14.90 kB
#29 8.686 dist/assets/ibm-plex-sans-cyrillic-300-normal-RhT0Ayi3.woff2           14.96 kB
#29 8.686 dist/assets/ibm-plex-sans-cyrillic-500-normal-CocWQlwt.woff2           15.00 kB
#29 8.686 dist/assets/ibm-plex-sans-cyrillic-600-normal-71GNu3SW.woff2           15.04 kB
#29 8.686 dist/assets/ibm-plex-mono-latin-600-normal-BgSNZQsw.woff2              15.62 kB
#29 8.686 dist/assets/ibm-plex-sans-latin-ext-400-normal-C5H60-Va.woff2          15.98 kB
#29 8.686 dist/assets/ibm-plex-sans-latin-ext-700-normal-aMgXseD4.woff2          16.19 kB
#29 8.686 dist/assets/ibm-plex-sans-thai-latin-400-normal-YXrLwNa7.woff          16.23 kB
#29 8.686 dist/assets/ibm-plex-sans-latin-ext-600-normal-DOrvGEcy.woff2          16.45 kB
#29 8.686 dist/assets/ibm-plex-sans-thai-latin-700-normal-SmVfMUPf.woff          16.45 kB
#29 8.686 dist/assets/ibm-plex-sans-latin-ext-500-normal-DakdToA3.woff2          16.46 kB
#29 8.686 dist/assets/ibm-plex-sans-latin-ext-300-normal-BLFuR0P1.woff2          16.54 kB
#29 8.686 dist/assets/ibm-plex-sans-thai-latin-500-normal-h5t7erDE.woff          17.34 kB
#29 8.686 dist/assets/ibm-plex-sans-thai-latin-300-normal-Bcdr0fiW.woff          17.51 kB
#29 8.686 dist/assets/ibm-plex-sans-thai-latin-600-normal-P_JjY83V.woff          17.56 kB
#29 8.686 dist/assets/ibm-plex-sans-thai-latin-400-normal-CwmoKdEh.woff2         17.74 kB
#29 8.686 dist/assets/ibm-plex-sans-thai-latin-700-normal-Ct-BCS9V.woff2         18.02 kB
#29 8.686 dist/assets/ibm-plex-sans-thai-latin-500-normal-DQcnnbdd.woff2         18.52 kB
#29 8.686 dist/assets/ibm-plex-sans-thai-latin-600-normal-BR-dhaTH.woff2         18.99 kB
#29 8.686 dist/assets/ibm-plex-sans-thai-latin-300-normal-DuvW4Kwi.woff2         19.02 kB
#29 8.686 dist/assets/ibm-plex-sans-latin-400-normal-CYLoc0-x.woff               22.10 kB
#29 8.686 dist/assets/ibm-plex-sans-latin-700-normal-Bth3BMcD.woff               22.28 kB
#29 8.686 dist/assets/ibm-plex-sans-latin-400-normal-CDDApCn2.woff2              22.59 kB
#29 8.686 dist/assets/ibm-plex-sans-latin-700-normal-Bxkt5Cjx.woff2              22.83 kB
#29 8.686 dist/assets/ibm-plex-sans-latin-600-normal-Cu4Hd6ag.woff               23.88 kB
#29 8.686 dist/assets/ibm-plex-sans-latin-500-normal-BgVn5rGT.woff               23.92 kB
#29 8.686 dist/assets/ibm-plex-sans-latin-300-normal-C9Of02-5.woff               23.94 kB
#29 8.686 dist/assets/ibm-plex-sans-latin-500-normal-6ng42L7E.woff2              24.18 kB
#29 8.686 dist/assets/ibm-plex-sans-latin-600-normal-CuJfVYMP.woff2              24.25 kB
#29 8.686 dist/assets/ibm-plex-sans-latin-300-normal-b4i7YzLG.woff2              24.29 kB
#29 8.686 dist/assets/index-VCbc6B1o.css                                         56.80 kB │ gzip:  16.96 kB
#29 8.686 dist/assets/index-DQ2u7BQq.js                                       1,376.03 kB │ gzip: 414.09 kB
#29 8.686 
#29 8.686 (!) Some chunks are larger than 500 kB after minification. Consider:
#29 8.686 - Using dynamic import() to code-split the application
#29 8.686 - Use build.rollupOptions.output.manualChunks to improve chunking: https://rollupjs.org/configuration-options/#output-manualchunks
#29 8.686 - Adjust chunk size limit for this warning via build.chunkSizeWarningLimit.
#29 8.686 ✓ built in 8.02s
#29 DONE 9.3s

#33 [wazuhweb_frontend stage-1 2/3] COPY --from=builder /app/dist /usr/share/nginx/html/wazuh
#33 DONE 0.1s

#34 [wazuhweb_frontend stage-1 3/3] COPY nginx-frontend.conf /etc/nginx/conf.d/default.conf
#34 DONE 0.1s

#35 [wazuhweb_frontend] exporting to image
#35 exporting layers 0.0s done
#35 writing image sha256:b17b8ac5666f106d77437f3da20117a73f2edeff3e1bcdef3e5f753c6bc86150 done
#35 naming to docker.io/library/wazuhweb-wazuhweb_frontend done
#35 DONE 0.1s

#36 [wazuhweb_frontend] resolving provenance for metadata file
#36 DONE 0.0s
 wazuhweb_backend  Built
 wazuhweb_frontend  Built
 wazuhweb_nginx  Built
[0;32m[✓][0m Build completed

[0;34m[ℹ][0m Phase 5: Starting containers
 Container wazuhweb_backend  Creating
 Container wazuhweb_backend  Created
 Container wazuhweb_frontend  Creating
 Container wazuhweb_frontend  Created
 Container wazuhweb_nginx  Creating
 Container wazuhweb_nginx  Created
 Container wazuhweb_backend  Starting
 Container wazuhweb_backend  Started
 Container wazuhweb_backend  Waiting
 Container wazuhweb_backend  Healthy
 Container wazuhweb_frontend  Starting
 Container wazuhweb_frontend  Started
 Container wazuhweb_nginx  Starting
 Container wazuhweb_nginx  Started
[0;32m[✓][0m Containers started

[0;34m[ℹ][0m Phase 6: Waiting for services to become healthy
[0;34m[ℹ][0m Waiting for backend to become healthy...
[0;32m[✓][0m backend is healthy
[0;32m[✓][0m Backend is healthy

[0;34m[ℹ][0m Phase 7: Running comprehensive health check

[0;36m═══════════════════════════════════════════════════════════════════════════════[0m

[0;34m[ℹ][0m Running comprehensive health check...
[0;34m[ℹ][0m Checking containers...
[0;32m[✓][0m   wazuhweb_backend is running
[0;32m[✓][0m   wazuhweb_frontend is running
[0;32m[✓][0m   wazuhweb_nginx is running
[0;34m[ℹ][0m Checking backend API...
[0;32m[✓][0m   Backend API responding
[0;34m[ℹ][0m Checking Docker network...
[0;32m[✓][0m   Network services:
    
    
    
    
    wazuhweb_nginx:192.168.64.4/20
    wazuhweb_backend:192.168.64.2/20
    wazuhweb_frontend:192.168.64.3/20
    
[0;34m[ℹ][0m Checking volumes...
[0;32m[✓][0m   Database volume exists

[0;36m═══════════════════════════════════════════════════════════════════════════════[0m

[0;32m[✓][0m All health checks passed!
[0;32m[✓][0m Health check completed


[0;36m═══════════════════════════════════════════════════════════════════════════════[0m

[0;32m[✓][0m 🎉 FULL BUILD & DEPLOY COMPLETED SUCCESSFULLY!

[0;36m═══════════════════════════════════════════════════════════════════════════════[0m


📊 Deployment Summary:
  ✓ Status: Ready for use
  ✓ Total time: 81s
  ✓ URL: https://10.251.150.222:3348/wazuh
  ✓ Backend: http://localhost:8000 (internal)
  ✓ Frontend: http://localhost:80 (internal)

🔐 Default Credentials:
  Username: admin
  Password: <SET_DEFAULT_ADMIN_PASSWORD>

[1;33m[⚠][0m ⚠️  IMPORTANT: Please change default password after first login!

📖 Useful commands:
  • View logs:    deploy.sh logs
  • Check status: deploy.sh status
  • Health check: deploy.sh health


[0;36m═══════════════════════════════════════════════════════════════════════════════[0m

